<?xml version="1.0" encoding="UTF-8"?>
<!-- Generated by org.testng.reporters.JUnitReportReporter -->
<testsuite skipped="0" hostname="EPUALVIW0391" name="com.epam.testgmail.TestGmail" tests="2" failures="0" timestamp="09 Aug 2017 15:22:24 GMT" time="46.901" errors="0">
  <testcase name="testGmail" time="23.842" classname="com.epam.testgmail.TestGmail"/>
  <testcase name="testGmail" time="23.059" classname="com.epam.testgmail.TestGmail"/>
</testsuite> <!-- com.epam.testgmail.TestGmail -->
